<?xml version="1.0" encoding="UTF-8"?>
<testsuite xmlns:xsi="http://www.w3.org/2001/XMLSchema-instance" xsi:noNamespaceSchemaLocation="https://maven.apache.org/surefire/maven-failsafe-plugin/xsd/failsafe-test-report.xsd" name="Validar funcionalidad del carrito de compras" time="53.572" tests="3" errors="3" skipped="0" failures="0">
  <properties>
[...]
</properties>
  <testcase name="Validar funcionalidad del carrito de compras #1" classname="Validar funcionalidad del carrito de compras" time="19.982">
    <error message="The following error occurred: An unknown server-side error occurred while processing the command. Original error: &apos;POST /element&apos; cannot be proxied to UiAutomator2 server because the instrumentation process is not running (probably crashed). Check the server log and/or the logcat output for more details&#10;Build info: version: &apos;4.14.1&apos;, revision: &apos;03f8ede370&apos;&#10;System info: os.name: &apos;Windows 11&apos;, os.arch: &apos;amd64&apos;, os.version: &apos;10.0&apos;, java.version: &apos;11.0.24&apos;&#10;Driver info: io.appium.java_client.android.AndroidDriver&#10;Command: [6a59e6bb-9ad1-44e8-b4e7-1ce1c13452fb, findElement {using=xpath, value=//android.widget.ImageView[@content-desc=&quot;App logo and name&quot;]}]&#10;Capabilities {appium:app: C:/Users/andre/Downloads/qa..., appium:appActivity: com.saucelabs.mydemoapp.and..., appium:appPackage: com.saucelabs.mydemoapp.and..., appium:automationName: UIAutomator2, appium:databaseEnabled: false, appium:desired: {app: C:/Users/andre/Downloads/qa..., appActivity: com.saucelabs.mydemoapp.and..., appPackage: com.saucelabs.mydemoapp.and..., automationName: UIAutomator2, deviceName: emulator-5554, hub: http://192.168.74.1:4723, platformName: ANDROID, platformVersion: 13.0}, appium:deviceApiLevel: 33, appium:deviceManufacturer: Google, appium:deviceModel: sdk_gphone64_x86_64, appium:deviceName: emulator-5554, appium:deviceScreenDensity: 320, appium:deviceScreenSize: 720x1280, appium:deviceUDID: emulator-5554, appium:hub: http://192.168.74.1:4723, appium:javascriptEnabled: true, appium:locationContextEnabled: false, appium:networkConnectionEnabled: true, appium:pixelRatio: 2, appium:platformVersion: 13, appium:statBarHeight: 48, appium:takesScreenshot: true, appium:viewportRect: {height: 1232, left: 0, top: 48, width: 720}, appium:warnings: {}, appium:webStorageEnabled: false, platformName: ANDROID}&#10;Session ID: 6a59e6bb-9ad1-44e8-b4e7-1ce1c13452fb" type="net.serenitybdd.model.exceptions.SerenityManagedException">net.serenitybdd.model.exceptions.SerenityManagedException: 
The following error occurred: An unknown server-side error occurred while processing the command. Original error: 'POST /element' cannot be proxied to UiAutomator2 server because the instrumentation process is not running (probably crashed). Check the server log and/or the logcat output for more details
Build info: version: '4.14.1', revision: '03f8ede370'
System info: os.name: 'Windows 11', os.arch: 'amd64', os.version: '10.0', java.version: '11.0.24'
Driver info: io.appium.java_client.android.AndroidDriver
Command: [6a59e6bb-9ad1-44e8-b4e7-1ce1c13452fb, findElement {using=xpath, value=//android.widget.ImageView[@content-desc="App logo and name"]}]
Capabilities {appium:app: C:/Users/andre/Downloads/qa..., appium:appActivity: com.saucelabs.mydemoapp.and..., appium:appPackage: com.saucelabs.mydemoapp.and..., appium:automationName: UIAutomator2, appium:databaseEnabled: false, appium:desired: {app: C:/Users/andre/Downloads/qa..., appActivity: com.saucelabs.mydemoapp.and..., appPackage: com.saucelabs.mydemoapp.and..., automationName: UIAutomator2, deviceName: emulator-5554, hub: http://192.168.74.1:4723, platformName: ANDROID, platformVersion: 13.0}, appium:deviceApiLevel: 33, appium:deviceManufacturer: Google, appium:deviceModel: sdk_gphone64_x86_64, appium:deviceName: emulator-5554, appium:deviceScreenDensity: 320, appium:deviceScreenSize: 720x1280, appium:deviceUDID: emulator-5554, appium:hub: http://192.168.74.1:4723, appium:javascriptEnabled: true, appium:locationContextEnabled: false, appium:networkConnectionEnabled: true, appium:pixelRatio: 2, appium:platformVersion: 13, appium:statBarHeight: 48, appium:takesScreenshot: true, appium:viewportRect: {height: 1232, left: 0, top: 48, width: 720}, appium:warnings: {}, appium:webStorageEnabled: false, platformName: ANDROID}
Session ID: 6a59e6bb-9ad1-44e8-b4e7-1ce1c13452fb
</error>
    <system-out><![CDATA[22:02:49.092 [pool-1-thread-1] DEBUG io.cucumber.core.plugin.SerenityReporter - Running feature from file:///C:/Users/andre/Downloads/qa-lab-mobile-automation-dec/qa-lab-mobile-automation-dec/src/test/resources/features/productos.feature
22:02:49.215 [pool-1-thread-1] INFO  - 

-------------------------------------------------------------------------------------
     _______. _______ .______       _______ .__   __.  __  .___________.____    ____ 
    /       ||   ____||   _  \     |   ____||  \ |  | |  | |           |\   \  /   / 
   |   (----`|  |__   |  |_)  |    |  |__   |   \|  | |  | `---|  |----` \   \/   /  
    \   \    |   __|  |      /     |   __|  |  . `  | |  |     |  |       \_    _/   
.----)   |   |  |____ |  |\  \----.|  |____ |  |\   | |  |     |  |         |  |     
|_______/    |_______|| _| `._____||_______||__| \__| |__|     |__|         |__|    
                                                                                     
 News and tutorials at https://serenity-bdd.info                                     
 Documentation at https://serenity-bdd.github.io                                     
 Test Automation Training and Coaching: https://www.serenity-dojo.com                
 Commercial Support: https://www.serenity-dojo.com/serenity-bdd-enterprise-support   
 Join the Serenity Community on Gitter: https://gitter.im/serenity-bdd/serenity-core 
-------------------------------------------------------------------------------------

22:02:49.224 [pool-1-thread-1] DEBUG net.thucydides.core.steps.StepEventBus - Test suite started for story net.thucydides.model.domain.Story@29cb6260
22:02:49.228 [pool-1-thread-1] INFO  - Test Suite Started: Validar funcionalidad del carrito de compras
22:02:49.328 [pool-1-thread-1] DEBUG io.cucumber.core.plugin.SerenityReporter - Running feature from file:///C:/Users/andre/Downloads/qa-lab-mobile-automation-dec/qa-lab-mobile-automation-dec/src/test/resources/features/productos.feature
22:02:49.332 [pool-1-thread-1] DEBUG net.thucydides.core.steps.StepEventBus - Test suite started for story net.thucydides.model.domain.Story@29cb6260
22:02:49.332 [pool-1-thread-1] INFO  - Test Suite Started: Validar funcionalidad del carrito de compras
22:03:09.579 [pool-1-thread-1] ERROR  - 
  _____   ___   ___   _____     ___   ___   ___    ___    ___ 
 |_   _| | __| / __| |_   _|   | __| | _ \ | _ \  / _ \  | _ \
   | |   | _|  \__ \   | |     | _|  |   / |   / | (_) | |   /
   |_|   |___| |___/   |_|     |___| |_|_\ |_|_\  \___/  |_|_\

Validar funcionalidad del carrito de compras
---------------------------------------------------------------
22:03:09.582 [pool-1-thread-1] DEBUG  - RELATED ISSUES: 
22:03:09.585 [pool-1-thread-1] ERROR  -     Test failed at step: Validar carga app
22:03:09.585 [pool-1-thread-1] ERROR  -     The following error occurred: An unknown server-side error occurred while processing the command. Original error: 'POST /element' cannot be proxied to UiAutomator2 server because the instrumentation process is not running (probably crashed). Check the server log and/or the logcat output for more details
22:03:43.563 [pool-1-thread-1] DEBUG net.thucydides.model.reports.ReportService - Reporting formats: [JSON]
22:03:43.572 [pool-1-thread-1] DEBUG net.thucydides.model.reports.ReportService - Reporting formats: [JSON]
22:03:43.596 [pool-1-thread-1] DEBUG net.thucydides.model.reports.ReportService - Generating reports for 1 test outcomes using: net.thucydides.model.reports.json.JSONTestOutcomeReporter@7ef26ba0
22:03:43.599 [pool-4-thread-1] DEBUG net.thucydides.model.reports.ReportService - Processing test outcome Validar funcionalidad del carrito de compras:Validar funcionalidad del carrito de compras
22:03:43.599 [pool-4-thread-1] DEBUG net.thucydides.model.reports.ReportService - net.thucydides.model.reports.json.JSONTestOutcomeReporter@7ef26ba0: Generating report for test outcome: Validar funcionalidad del carrito de compras:Validar funcionalidad del carrito de compras
22:03:43.619 [pool-4-thread-1] DEBUG net.thucydides.model.reports.json.JSONTestOutcomeReporter - Generating JSON report for Validar funcionalidad del carrito de compras to file C:\Users\andre\Downloads\qa-lab-mobile-automation-dec\qa-lab-mobile-automation-dec\target\site\serenity\ccba180931cc61571e2bdb379f33b066ec7bae5b4ea483e2416609f7302f0a0c.json)
22:03:43.690 [pool-4-thread-1] DEBUG net.thucydides.model.reports.ReportService - Processing test outcome Validar funcionalidad del carrito de compras:Validar funcionalidad del carrito de compras done
22:03:43.690 [pool-1-thread-1] DEBUG net.thucydides.model.reports.ReportService - Shutting down executor service
22:03:43.691 [pool-1-thread-1] DEBUG net.thucydides.model.reports.ReportService - Reports generated in: 94 ms
22:03:43.849 [pool-1-thread-1] DEBUG net.serenitybdd.core.photography.Darkroom - Closing darkroom
22:03:43.856 [pool-1-thread-1] DEBUG net.serenitybdd.core.photography.Darkroom - Closing darkroom

@Caso
Scenario Outline: Validar funcionalidad del carrito de compras     &amp#27;[90m# src/test/resources/features/productos.feature:12&amp#27;[0m
22:02:49.442 [pool-1-thread-1] DEBUG io.cucumber.core.plugin.SerenityReporter - Running feature from file:///C:/Users/andre/Downloads/qa-lab-mobile-automation-dec/qa-lab-mobile-automation-dec/src/test/resources/features/productos.feature
22:02:49.612 [pool-1-thread-1] INFO  - 
  _____   ___   ___   _____     ___   _____     _     ___   _____   ___   ___  
 |_   _| | __| / __| |_   _|   / __| |_   _|   /_\   | _ \ |_   _| | __| |   \ 
   | |   | _|  \__ \   | |     \__ \   | |    / _ \  |   /   | |   | _|  | |) |
   |_|   |___| |___/   |_|     |___/   |_|   /_/ \_\ |_|_\   |_|   |___| |___/ 

Validar funcionalidad del carrito de compras(validar-funcionalidad-del-carrito-de-compras;validar-funcionalidad-del-carrito-de-compras)
--------------------------------------------------------------------------------
22:03:09.162 [pool-1-thread-1] DEBUG net.serenitybdd.core.photography.Darkroom - Opening darkroom
22:03:09.164 [Darkroom Processing Line] DEBUG net.serenitybdd.core.photography.DarkroomProcessingLine - Darkroom processing line starting up
22:03:09.184 [pool-1-thread-1] WARN net.thucydides.core.webdriver.WebDriverFacade - Failed to take screenshot (An unknown server-side error occurred while processing the command. Original error: 'GET /screenshot' cannot be proxied to UiAutomator2 server because the instrumentation process is not running (probably crashed). Check the server log and/or the logcat output for more details
Build info: version: '4.14.1', revision: '03f8ede370'
System info: os.name: 'Windows 11', os.arch: 'amd64', os.version: '10.0', java.version: '11.0.24'
Driver info: io.appium.java_client.android.AndroidDriver
Command: [6a59e6bb-9ad1-44e8-b4e7-1ce1c13452fb, screenshot {}]
Capabilities {appium:app: C:/Users/andre/Downloads/qa..., appium:appActivity: com.saucelabs.mydemoapp.and..., appium:appPackage: com.saucelabs.mydemoapp.and..., appium:automationName: UIAutomator2, appium:databaseEnabled: false, appium:desired: {app: C:/Users/andre/Downloads/qa..., appActivity: com.saucelabs.mydemoapp.and..., appPackage: com.saucelabs.mydemoapp.and..., automationName: UIAutomator2, deviceName: emulator-5554, hub: http://192.168.74.1:4723, platformName: ANDROID, platformVersion: 13.0}, appium:deviceApiLevel: 33, appium:deviceManufacturer: Google, appium:deviceModel: sdk_gphone64_x86_64, appium:deviceName: emulator-5554, appium:deviceScreenDensity: 320, appium:deviceScreenSize: 720x1280, appium:deviceUDID: emulator-5554, appium:hub: http://192.168.74.1:4723, appium:javascriptEnabled: true, appium:locationContextEnabled: false, appium:networkConnectionEnabled: true, appium:pixelRatio: 2, appium:platformVersion: 13, appium:statBarHeight: 48, appium:takesScreenshot: true, appium:viewportRect: {height: 1232, left: 0, top: 48, width: 720}, appium:warnings: {}, appium:webStorageEnabled: false, platformName: ANDROID}
Session ID: 6a59e6bb-9ad1-44e8-b4e7-1ce1c13452fb)
  &amp#27;[31mGiven &amp#27;[0m&amp#27;[31mestoy en la aplicaciÃ³n de SauceLabs&amp#27;[0m                        &amp#27;[90m# com.nttdata.stepsdefinitions.ProductoStepDefinition.estoyEnLaAplicacionDeSauceLabs()&amp#27;[0m
      &amp#27;[31mnet.serenitybdd.model.exceptions.SerenityManagedException: The following error occurred: An unknown server-side error occurred while processing the command. Original error: 'POST /element' cannot be proxied to UiAutomator2 server because the instrumentation process is not running (probably crashed). Check the server log and/or the logcat output for more details
Build info: version: '4.14.1', revision: '03f8ede370'
System info: os.name: 'Windows 11', os.arch: 'amd64', os.version: '10.0', java.version: '11.0.24'
Driver info: io.appium.java_client.android.AndroidDriver
Command: [6a59e6bb-9ad1-44e8-b4e7-1ce1c13452fb, findElement {using=xpath, value=//android.widget.ImageView[@content-desc="App logo and name"]}]
Capabilities {appium:app: C:/Users/andre/Downloads/qa..., appium:appActivity: com.saucelabs.mydemoapp.and..., appium:appPackage: com.saucelabs.mydemoapp.and..., appium:automationName: UIAutomator2, appium:databaseEnabled: false, appium:desired: {app: C:/Users/andre/Downloads/qa..., appActivity: com.saucelabs.mydemoapp.and..., appPackage: com.saucelabs.mydemoapp.and..., automationName: UIAutomator2, deviceName: emulator-5554, hub: http://192.168.74.1:4723, platformName: ANDROID, platformVersion: 13.0}, appium:deviceApiLevel: 33, appium:deviceManufacturer: Google, appium:deviceModel: sdk_gphone64_x86_64, appium:deviceName: emulator-5554, appium:deviceScreenDensity: 320, appium:deviceScreenSize: 720x1280, appium:deviceUDID: emulator-5554, appium:hub: http://192.168.74.1:4723, appium:javascriptEnabled: true, appium:locationContextEnabled: false, appium:networkConnectionEnabled: true, appium:pixelRatio: 2, appium:platformVersion: 13, appium:statBarHeight: 48, appium:takesScreenshot: true, appium:viewportRect: {height: 1232, left: 0, top: 48, width: 720}, appium:warnings: {}, appium:webStorageEnabled: false, platformName: ANDROID}
Session ID: 6a59e6bb-9ad1-44e8-b4e7-1ce1c13452fb
	at java.base/jdk.internal.reflect.NativeConstructorAccessorImpl.newInstance0(Native Method)
	at java.base/jdk.internal.reflect.NativeConstructorAccessorImpl.newInstance(NativeConstructorAccessorImpl.java:62)
	at java.base/jdk.internal.reflect.DelegatingConstructorAccessorImpl.newInstance(DelegatingConstructorAccessorImpl.java:45)
	at java.base/java.lang.reflect.Constructor.newInstance(Constructor.java:490)
	at org.openqa.selenium.remote.codec.w3c.W3CHttpResponseCodec.createException(W3CHttpResponseCodec.java:200)
	at org.openqa.selenium.remote.codec.w3c.W3CHttpResponseCodec.decode(W3CHttpResponseCodec.java:133)
	at org.openqa.selenium.remote.codec.w3c.W3CHttpResponseCodec.decode(W3CHttpResponseCodec.java:52)
	at org.openqa.selenium.remote.HttpCommandExecutor.execute(HttpCommandExecutor.java:191)
	at io.appium.java_client.remote.AppiumCommandExecutor.execute(AppiumCommandExecutor.java:238)
	at org.openqa.selenium.remote.RemoteWebDriver.execute(RemoteWebDriver.java:602)
	at org.openqa.selenium.remote.ElementLocation$ElementFinder$2.findElement(ElementLocation.java:165)
	at org.openqa.selenium.remote.ElementLocation.findElement(ElementLocation.java:59)
	at org.openqa.selenium.remote.RemoteWebDriver.findElement(RemoteWebDriver.java:359)
	at org.openqa.selenium.remote.RemoteWebDriver.findElement(RemoteWebDriver.java:353)
	at net.thucydides.core.webdriver.WebDriverFacade.findElement(WebDriverFacade.java:259)
	at net.thucydides.core.annotations.locators.SmartAjaxElementLocator.findElementImmediately(SmartAjaxElementLocator.java:137)
	at net.thucydides.core.annotations.locators.SmartAjaxElementLocator.findElement(SmartAjaxElementLocator.java:114)
	at org.openqa.selenium.support.pagefactory.internal.LocatingElementHandler.invoke(LocatingElementHandler.java:38)
	at com.sun.proxy.$Proxy44.toString(Unknown Source)
	at java.base/java.lang.String.valueOf(String.java:2951)
	at org.openqa.selenium.support.ui.ExpectedConditions$10.toString(ExpectedConditions.java:295)
	at java.base/java.lang.String.valueOf(String.java:2951)
	at org.openqa.selenium.support.ui.FluentWait.until(FluentWait.java:227)
	at net.serenitybdd.core.pages.RenderedPageObjectView.waitFor(RenderedPageObjectView.java:110)
	at net.serenitybdd.core.pages.PageObject.waitFor(PageObject.java:414)
	at com.nttdata.screens.ProductosScreen.isProductDisplayed(ProductosScreen.java:19)
	at com.nttdata.steps.ProductosStep.validarCargaApp(ProductosStep.java:17)
	at com.nttdata.steps.ProductosStep$ByteBuddy$H1koxgC5.validarCargaApp$accessor$NYY1onxh(Unknown Source)
	at java.base/jdk.internal.reflect.NativeMethodAccessorImpl.invoke0(Native Method)
	at java.base/jdk.internal.reflect.NativeMethodAccessorImpl.invoke(NativeMethodAccessorImpl.java:62)
	at java.base/jdk.internal.reflect.DelegatingMethodAccessorImpl.invoke(DelegatingMethodAccessorImpl.java:43)
	at java.base/java.lang.reflect.Method.invoke(Method.java:566)
	at net.thucydides.core.steps.BaseMethodRunner.invokeMethod(BaseMethodRunner.java:18)
	at net.thucydides.core.steps.NormalMethodRunner.invokeMethodAndNotifyFailures(NormalMethodRunner.java:18)
	at net.thucydides.core.steps.StepInterceptor.runNormalMethod(StepInterceptor.java:420)
	at net.thucydides.core.steps.StepInterceptor.testStepResult(StepInterceptor.java:195)
	at net.thucydides.core.steps.StepInterceptor.intercept(StepInterceptor.java:92)
	at net.thucydides.core.steps.ProxyConfiguration$InterceptorDispatcher.intercept(ProxyConfiguration.java:51)
	at com.nttdata.steps.ProductosStep$ByteBuddy$H1koxgC5.validarCargaApp(Unknown Source)
	at com.nttdata.stepsdefinitions.ProductoStepDefinition.estoyEnLaAplicacionDeSauceLabs(ProductoStepDefinition.java:17)
	at âœ½.estoy en la aplicaciÃ³n de SauceLabs(file:///C:/Users/andre/Downloads/qa-lab-mobile-automation-dec/qa-lab-mobile-automation-dec/src/test/resources/features/productos.feature:5)
&amp#27;[0m
  &amp#27;[36mAnd &amp#27;[0m&amp#27;[36mvalido que carguen correctamente los productos en la galeria&amp#27;[0m &amp#27;[90m# com.nttdata.stepsdefinitions.ProductoStepDefinition.validoQueCarguenCorrectamenteLosProductosEnLaGaleria()&amp#27;[0m
  &amp#27;[36mWhen &amp#27;[0m&amp#27;[36magrego &amp#27;[0m&amp#27;[36m&amp#27;[1m1&amp#27;[0m&amp#27;[36m del siguiente producto &amp#27;[0m&amp#27;[36m&amp#27;[1m"Sauce Labs Backpack"&amp#27;[0m       &amp#27;[90m# com.nttdata.stepsdefinitions.ProductoStepDefinition.agregoDelSiguienteProducto(int,java.lang.String)&amp#27;[0m
22:03:43.850 [Darkroom Processing Line] DEBUG net.serenitybdd.core.photography.DarkroomProcessingLine - Darkroom processing line shutting down
]]></system-out>
    <system-err><![CDATA[dic. 20, 2024 10:03:09 P. M. org.openqa.selenium.remote.ErrorCodes toStatus
INFO: HTTP Status: '400' -> incorrect JSON status mapping for 'unknown error' (500 expected)
]]></system-err>
  </testcase>
  <testcase name="Validar funcionalidad del carrito de compras #2" classname="Validar funcionalidad del carrito de compras" time="18.34">
    <error message="The following error occurred: An unknown server-side error occurred while processing the command. Original error: &apos;POST /element&apos; cannot be proxied to UiAutomator2 server because the instrumentation process is not running (probably crashed). Check the server log and/or the logcat output for more details&#10;Build info: version: &apos;4.14.1&apos;, revision: &apos;03f8ede370&apos;&#10;System info: os.name: &apos;Windows 11&apos;, os.arch: &apos;amd64&apos;, os.version: &apos;10.0&apos;, java.version: &apos;11.0.24&apos;&#10;Driver info: io.appium.java_client.android.AndroidDriver&#10;Command: [9380700f-fcdf-4531-aa0c-d1aac28df8d2, findElement {using=xpath, value=//android.widget.ImageView[@content-desc=&quot;App logo and name&quot;]}]&#10;Capabilities {appium:app: C:/Users/andre/Downloads/qa..., appium:appActivity: com.saucelabs.mydemoapp.and..., appium:appPackage: com.saucelabs.mydemoapp.and..., appium:automationName: UIAutomator2, appium:databaseEnabled: false, appium:desired: {app: C:/Users/andre/Downloads/qa..., appActivity: com.saucelabs.mydemoapp.and..., appPackage: com.saucelabs.mydemoapp.and..., automationName: UIAutomator2, deviceName: emulator-5554, hub: http://192.168.74.1:4723, platformName: ANDROID, platformVersion: 13.0}, appium:deviceApiLevel: 33, appium:deviceManufacturer: Google, appium:deviceModel: sdk_gphone64_x86_64, appium:deviceName: emulator-5554, appium:deviceScreenDensity: 320, appium:deviceScreenSize: 720x1280, appium:deviceUDID: emulator-5554, appium:hub: http://192.168.74.1:4723, appium:javascriptEnabled: true, appium:locationContextEnabled: false, appium:networkConnectionEnabled: true, appium:pixelRatio: 2, appium:platformVersion: 13, appium:statBarHeight: 48, appium:takesScreenshot: true, appium:viewportRect: {height: 1232, left: 0, top: 48, width: 720}, appium:warnings: {}, appium:webStorageEnabled: false, platformName: ANDROID}&#10;Session ID: 9380700f-fcdf-4531-aa0c-d1aac28df8d2" type="net.serenitybdd.model.exceptions.SerenityManagedException">net.serenitybdd.model.exceptions.SerenityManagedException: 
The following error occurred: An unknown server-side error occurred while processing the command. Original error: 'POST /element' cannot be proxied to UiAutomator2 server because the instrumentation process is not running (probably crashed). Check the server log and/or the logcat output for more details
Build info: version: '4.14.1', revision: '03f8ede370'
System info: os.name: 'Windows 11', os.arch: 'amd64', os.version: '10.0', java.version: '11.0.24'
Driver info: io.appium.java_client.android.AndroidDriver
Command: [9380700f-fcdf-4531-aa0c-d1aac28df8d2, findElement {using=xpath, value=//android.widget.ImageView[@content-desc="App logo and name"]}]
Capabilities {appium:app: C:/Users/andre/Downloads/qa..., appium:appActivity: com.saucelabs.mydemoapp.and..., appium:appPackage: com.saucelabs.mydemoapp.and..., appium:automationName: UIAutomator2, appium:databaseEnabled: false, appium:desired: {app: C:/Users/andre/Downloads/qa..., appActivity: com.saucelabs.mydemoapp.and..., appPackage: com.saucelabs.mydemoapp.and..., automationName: UIAutomator2, deviceName: emulator-5554, hub: http://192.168.74.1:4723, platformName: ANDROID, platformVersion: 13.0}, appium:deviceApiLevel: 33, appium:deviceManufacturer: Google, appium:deviceModel: sdk_gphone64_x86_64, appium:deviceName: emulator-5554, appium:deviceScreenDensity: 320, appium:deviceScreenSize: 720x1280, appium:deviceUDID: emulator-5554, appium:hub: http://192.168.74.1:4723, appium:javascriptEnabled: true, appium:locationContextEnabled: false, appium:networkConnectionEnabled: true, appium:pixelRatio: 2, appium:platformVersion: 13, appium:statBarHeight: 48, appium:takesScreenshot: true, appium:viewportRect: {height: 1232, left: 0, top: 48, width: 720}, appium:warnings: {}, appium:webStorageEnabled: false, platformName: ANDROID}
Session ID: 9380700f-fcdf-4531-aa0c-d1aac28df8d2
</error>
    <system-out><![CDATA[
@Caso
Scenario Outline: Validar funcionalidad del carrito de compras     &amp#27;[90m# src/test/resources/features/productos.feature:13&amp#27;[0m
22:03:09.613 [pool-1-thread-1] DEBUG io.cucumber.core.plugin.SerenityReporter - Running feature from file:///C:/Users/andre/Downloads/qa-lab-mobile-automation-dec/qa-lab-mobile-automation-dec/src/test/resources/features/productos.feature
22:03:27.911 [pool-1-thread-1] WARN net.thucydides.core.webdriver.WebDriverFacade - Failed to take screenshot (An unknown server-side error occurred while processing the command. Original error: 'GET /screenshot' cannot be proxied to UiAutomator2 server because the instrumentation process is not running (probably crashed). Check the server log and/or the logcat output for more details
Build info: version: '4.14.1', revision: '03f8ede370'
System info: os.name: 'Windows 11', os.arch: 'amd64', os.version: '10.0', java.version: '11.0.24'
Driver info: io.appium.java_client.android.AndroidDriver
Command: [9380700f-fcdf-4531-aa0c-d1aac28df8d2, screenshot {}]
Capabilities {appium:app: C:/Users/andre/Downloads/qa..., appium:appActivity: com.saucelabs.mydemoapp.and..., appium:appPackage: com.saucelabs.mydemoapp.and..., appium:automationName: UIAutomator2, appium:databaseEnabled: false, appium:desired: {app: C:/Users/andre/Downloads/qa..., appActivity: com.saucelabs.mydemoapp.and..., appPackage: com.saucelabs.mydemoapp.and..., automationName: UIAutomator2, deviceName: emulator-5554, hub: http://192.168.74.1:4723, platformName: ANDROID, platformVersion: 13.0}, appium:deviceApiLevel: 33, appium:deviceManufacturer: Google, appium:deviceModel: sdk_gphone64_x86_64, appium:deviceName: emulator-5554, appium:deviceScreenDensity: 320, appium:deviceScreenSize: 720x1280, appium:deviceUDID: emulator-5554, appium:hub: http://192.168.74.1:4723, appium:javascriptEnabled: true, appium:locationContextEnabled: false, appium:networkConnectionEnabled: true, appium:pixelRatio: 2, appium:platformVersion: 13, appium:statBarHeight: 48, appium:takesScreenshot: true, appium:viewportRect: {height: 1232, left: 0, top: 48, width: 720}, appium:warnings: {}, appium:webStorageEnabled: false, platformName: ANDROID}
Session ID: 9380700f-fcdf-4531-aa0c-d1aac28df8d2)
  &amp#27;[31mGiven &amp#27;[0m&amp#27;[31mestoy en la aplicaciÃ³n de SauceLabs&amp#27;[0m                        &amp#27;[90m# com.nttdata.stepsdefinitions.ProductoStepDefinition.estoyEnLaAplicacionDeSauceLabs()&amp#27;[0m
      &amp#27;[31mnet.serenitybdd.model.exceptions.SerenityManagedException: The following error occurred: An unknown server-side error occurred while processing the command. Original error: 'POST /element' cannot be proxied to UiAutomator2 server because the instrumentation process is not running (probably crashed). Check the server log and/or the logcat output for more details
Build info: version: '4.14.1', revision: '03f8ede370'
System info: os.name: 'Windows 11', os.arch: 'amd64', os.version: '10.0', java.version: '11.0.24'
Driver info: io.appium.java_client.android.AndroidDriver
Command: [9380700f-fcdf-4531-aa0c-d1aac28df8d2, findElement {using=xpath, value=//android.widget.ImageView[@content-desc="App logo and name"]}]
Capabilities {appium:app: C:/Users/andre/Downloads/qa..., appium:appActivity: com.saucelabs.mydemoapp.and..., appium:appPackage: com.saucelabs.mydemoapp.and..., appium:automationName: UIAutomator2, appium:databaseEnabled: false, appium:desired: {app: C:/Users/andre/Downloads/qa..., appActivity: com.saucelabs.mydemoapp.and..., appPackage: com.saucelabs.mydemoapp.and..., automationName: UIAutomator2, deviceName: emulator-5554, hub: http://192.168.74.1:4723, platformName: ANDROID, platformVersion: 13.0}, appium:deviceApiLevel: 33, appium:deviceManufacturer: Google, appium:deviceModel: sdk_gphone64_x86_64, appium:deviceName: emulator-5554, appium:deviceScreenDensity: 320, appium:deviceScreenSize: 720x1280, appium:deviceUDID: emulator-5554, appium:hub: http://192.168.74.1:4723, appium:javascriptEnabled: true, appium:locationContextEnabled: false, appium:networkConnectionEnabled: true, appium:pixelRatio: 2, appium:platformVersion: 13, appium:statBarHeight: 48, appium:takesScreenshot: true, appium:viewportRect: {height: 1232, left: 0, top: 48, width: 720}, appium:warnings: {}, appium:webStorageEnabled: false, platformName: ANDROID}
Session ID: 9380700f-fcdf-4531-aa0c-d1aac28df8d2
	at java.base/jdk.internal.reflect.NativeConstructorAccessorImpl.newInstance0(Native Method)
	at java.base/jdk.internal.reflect.NativeConstructorAccessorImpl.newInstance(NativeConstructorAccessorImpl.java:62)
	at java.base/jdk.internal.reflect.DelegatingConstructorAccessorImpl.newInstance(DelegatingConstructorAccessorImpl.java:45)
	at java.base/java.lang.reflect.Constructor.newInstance(Constructor.java:490)
	at org.openqa.selenium.remote.codec.w3c.W3CHttpResponseCodec.createException(W3CHttpResponseCodec.java:200)
	at org.openqa.selenium.remote.codec.w3c.W3CHttpResponseCodec.decode(W3CHttpResponseCodec.java:133)
	at org.openqa.selenium.remote.codec.w3c.W3CHttpResponseCodec.decode(W3CHttpResponseCodec.java:52)
	at org.openqa.selenium.remote.HttpCommandExecutor.execute(HttpCommandExecutor.java:191)
	at io.appium.java_client.remote.AppiumCommandExecutor.execute(AppiumCommandExecutor.java:238)
	at org.openqa.selenium.remote.RemoteWebDriver.execute(RemoteWebDriver.java:602)
	at org.openqa.selenium.remote.ElementLocation$ElementFinder$2.findElement(ElementLocation.java:165)
	at org.openqa.selenium.remote.ElementLocation.findElement(ElementLocation.java:59)
	at org.openqa.selenium.remote.RemoteWebDriver.findElement(RemoteWebDriver.java:359)
	at org.openqa.selenium.remote.RemoteWebDriver.findElement(RemoteWebDriver.java:353)
	at net.thucydides.core.webdriver.WebDriverFacade.findElement(WebDriverFacade.java:259)
	at net.thucydides.core.annotations.locators.SmartAjaxElementLocator.findElementImmediately(SmartAjaxElementLocator.java:137)
	at net.thucydides.core.annotations.locators.SmartAjaxElementLocator.findElement(SmartAjaxElementLocator.java:114)
	at org.openqa.selenium.support.pagefactory.internal.LocatingElementHandler.invoke(LocatingElementHandler.java:38)
	at com.sun.proxy.$Proxy44.toString(Unknown Source)
	at java.base/java.lang.String.valueOf(String.java:2951)
	at org.openqa.selenium.support.ui.ExpectedConditions$10.toString(ExpectedConditions.java:295)
	at java.base/java.lang.String.valueOf(String.java:2951)
	at org.openqa.selenium.support.ui.FluentWait.until(FluentWait.java:227)
	at net.serenitybdd.core.pages.RenderedPageObjectView.waitFor(RenderedPageObjectView.java:110)
	at net.serenitybdd.core.pages.PageObject.waitFor(PageObject.java:414)
	at com.nttdata.screens.ProductosScreen.isProductDisplayed(ProductosScreen.java:19)
	at com.nttdata.steps.ProductosStep.validarCargaApp(ProductosStep.java:17)
	at com.nttdata.steps.ProductosStep$ByteBuddy$H1koxgC5.validarCargaApp$accessor$NYY1onxh(Unknown Source)
	at java.base/jdk.internal.reflect.NativeMethodAccessorImpl.invoke0(Native Method)
	at java.base/jdk.internal.reflect.NativeMethodAccessorImpl.invoke(NativeMethodAccessorImpl.java:62)
	at java.base/jdk.internal.reflect.DelegatingMethodAccessorImpl.invoke(DelegatingMethodAccessorImpl.java:43)
	at java.base/java.lang.reflect.Method.invoke(Method.java:566)
	at net.thucydides.core.steps.BaseMethodRunner.invokeMethod(BaseMethodRunner.java:18)
	at net.thucydides.core.steps.NormalMethodRunner.invokeMethodAndNotifyFailures(NormalMethodRunner.java:18)
	at net.thucydides.core.steps.StepInterceptor.runNormalMethod(StepInterceptor.java:420)
	at net.thucydides.core.steps.StepInterceptor.testStepResult(StepInterceptor.java:195)
	at net.thucydides.core.steps.StepInterceptor.intercept(StepInterceptor.java:92)
	at net.thucydides.core.steps.ProxyConfiguration$InterceptorDispatcher.intercept(ProxyConfiguration.java:51)
	at com.nttdata.steps.ProductosStep$ByteBuddy$H1koxgC5.validarCargaApp(Unknown Source)
	at com.nttdata.stepsdefinitions.ProductoStepDefinition.estoyEnLaAplicacionDeSauceLabs(ProductoStepDefinition.java:17)
	at âœ½.estoy en la aplicaciÃ³n de SauceLabs(file:///C:/Users/andre/Downloads/qa-lab-mobile-automation-dec/qa-lab-mobile-automation-dec/src/test/resources/features/productos.feature:5)
&amp#27;[0m
  &amp#27;[36mAnd &amp#27;[0m&amp#27;[36mvalido que carguen correctamente los productos en la galeria&amp#27;[0m &amp#27;[90m# com.nttdata.stepsdefinitions.ProductoStepDefinition.validoQueCarguenCorrectamenteLosProductosEnLaGaleria()&amp#27;[0m
  &amp#27;[36mWhen &amp#27;[0m&amp#27;[36magrego &amp#27;[0m&amp#27;[36m&amp#27;[1m1&amp#27;[0m&amp#27;[36m del siguiente producto &amp#27;[0m&amp#27;[36m&amp#27;[1m"Sauce Labs Bolt - T-Shirt"&amp#27;[0m &amp#27;[90m# com.nttdata.stepsdefinitions.ProductoStepDefinition.agregoDelSiguienteProducto(int,java.lang.String)&amp#27;[0m
]]></system-out>
    <system-err><![CDATA[dic. 20, 2024 10:03:27 P. M. org.openqa.selenium.remote.ErrorCodes toStatus
INFO: HTTP Status: '400' -> incorrect JSON status mapping for 'unknown error' (500 expected)
]]></system-err>
  </testcase>
  <testcase name="Validar funcionalidad del carrito de compras #3" classname="Validar funcionalidad del carrito de compras" time="14.695">
    <error message="The following error occurred: An unknown server-side error occurred while processing the command. Original error: &apos;POST /element&apos; cannot be proxied to UiAutomator2 server because the instrumentation process is not running (probably crashed). Check the server log and/or the logcat output for more details&#10;Build info: version: &apos;4.14.1&apos;, revision: &apos;03f8ede370&apos;&#10;System info: os.name: &apos;Windows 11&apos;, os.arch: &apos;amd64&apos;, os.version: &apos;10.0&apos;, java.version: &apos;11.0.24&apos;&#10;Driver info: io.appium.java_client.android.AndroidDriver&#10;Command: [205a94af-d3b2-4a9b-9a29-11e5b092538b, findElement {using=xpath, value=//android.widget.ImageView[@content-desc=&quot;App logo and name&quot;]}]&#10;Capabilities {appium:app: C:/Users/andre/Downloads/qa..., appium:appActivity: com.saucelabs.mydemoapp.and..., appium:appPackage: com.saucelabs.mydemoapp.and..., appium:automationName: UIAutomator2, appium:databaseEnabled: false, appium:desired: {app: C:/Users/andre/Downloads/qa..., appActivity: com.saucelabs.mydemoapp.and..., appPackage: com.saucelabs.mydemoapp.and..., automationName: UIAutomator2, deviceName: emulator-5554, hub: http://192.168.74.1:4723, platformName: ANDROID, platformVersion: 13.0}, appium:deviceApiLevel: 33, appium:deviceManufacturer: Google, appium:deviceModel: sdk_gphone64_x86_64, appium:deviceName: emulator-5554, appium:deviceScreenDensity: 320, appium:deviceScreenSize: 720x1280, appium:deviceUDID: emulator-5554, appium:hub: http://192.168.74.1:4723, appium:javascriptEnabled: true, appium:locationContextEnabled: false, appium:networkConnectionEnabled: true, appium:pixelRatio: 2, appium:platformVersion: 13, appium:statBarHeight: 48, appium:takesScreenshot: true, appium:viewportRect: {height: 1232, left: 0, top: 48, width: 720}, appium:warnings: {}, appium:webStorageEnabled: false, platformName: ANDROID}&#10;Session ID: 205a94af-d3b2-4a9b-9a29-11e5b092538b" type="net.serenitybdd.model.exceptions.SerenityManagedException">net.serenitybdd.model.exceptions.SerenityManagedException: 
The following error occurred: An unknown server-side error occurred while processing the command. Original error: 'POST /element' cannot be proxied to UiAutomator2 server because the instrumentation process is not running (probably crashed). Check the server log and/or the logcat output for more details
Build info: version: '4.14.1', revision: '03f8ede370'
System info: os.name: 'Windows 11', os.arch: 'amd64', os.version: '10.0', java.version: '11.0.24'
Driver info: io.appium.java_client.android.AndroidDriver
Command: [205a94af-d3b2-4a9b-9a29-11e5b092538b, findElement {using=xpath, value=//android.widget.ImageView[@content-desc="App logo and name"]}]
Capabilities {appium:app: C:/Users/andre/Downloads/qa..., appium:appActivity: com.saucelabs.mydemoapp.and..., appium:appPackage: com.saucelabs.mydemoapp.and..., appium:automationName: UIAutomator2, appium:databaseEnabled: false, appium:desired: {app: C:/Users/andre/Downloads/qa..., appActivity: com.saucelabs.mydemoapp.and..., appPackage: com.saucelabs.mydemoapp.and..., automationName: UIAutomator2, deviceName: emulator-5554, hub: http://192.168.74.1:4723, platformName: ANDROID, platformVersion: 13.0}, appium:deviceApiLevel: 33, appium:deviceManufacturer: Google, appium:deviceModel: sdk_gphone64_x86_64, appium:deviceName: emulator-5554, appium:deviceScreenDensity: 320, appium:deviceScreenSize: 720x1280, appium:deviceUDID: emulator-5554, appium:hub: http://192.168.74.1:4723, appium:javascriptEnabled: true, appium:locationContextEnabled: false, appium:networkConnectionEnabled: true, appium:pixelRatio: 2, appium:platformVersion: 13, appium:statBarHeight: 48, appium:takesScreenshot: true, appium:viewportRect: {height: 1232, left: 0, top: 48, width: 720}, appium:warnings: {}, appium:webStorageEnabled: false, platformName: ANDROID}
Session ID: 205a94af-d3b2-4a9b-9a29-11e5b092538b
</error>
    <system-out><![CDATA[
@Caso
Scenario Outline: Validar funcionalidad del carrito de compras     &amp#27;[90m# src/test/resources/features/productos.feature:14&amp#27;[0m
22:03:28.218 [pool-1-thread-1] DEBUG io.cucumber.core.plugin.SerenityReporter - Running feature from file:///C:/Users/andre/Downloads/qa-lab-mobile-automation-dec/qa-lab-mobile-automation-dec/src/test/resources/features/productos.feature
22:03:42.861 [pool-1-thread-1] WARN net.thucydides.core.webdriver.WebDriverFacade - Failed to take screenshot (An unknown server-side error occurred while processing the command. Original error: 'GET /screenshot' cannot be proxied to UiAutomator2 server because the instrumentation process is not running (probably crashed). Check the server log and/or the logcat output for more details
Build info: version: '4.14.1', revision: '03f8ede370'
System info: os.name: 'Windows 11', os.arch: 'amd64', os.version: '10.0', java.version: '11.0.24'
Driver info: io.appium.java_client.android.AndroidDriver
Command: [205a94af-d3b2-4a9b-9a29-11e5b092538b, screenshot {}]
Capabilities {appium:app: C:/Users/andre/Downloads/qa..., appium:appActivity: com.saucelabs.mydemoapp.and..., appium:appPackage: com.saucelabs.mydemoapp.and..., appium:automationName: UIAutomator2, appium:databaseEnabled: false, appium:desired: {app: C:/Users/andre/Downloads/qa..., appActivity: com.saucelabs.mydemoapp.and..., appPackage: com.saucelabs.mydemoapp.and..., automationName: UIAutomator2, deviceName: emulator-5554, hub: http://192.168.74.1:4723, platformName: ANDROID, platformVersion: 13.0}, appium:deviceApiLevel: 33, appium:deviceManufacturer: Google, appium:deviceModel: sdk_gphone64_x86_64, appium:deviceName: emulator-5554, appium:deviceScreenDensity: 320, appium:deviceScreenSize: 720x1280, appium:deviceUDID: emulator-5554, appium:hub: http://192.168.74.1:4723, appium:javascriptEnabled: true, appium:locationContextEnabled: false, appium:networkConnectionEnabled: true, appium:pixelRatio: 2, appium:platformVersion: 13, appium:statBarHeight: 48, appium:takesScreenshot: true, appium:viewportRect: {height: 1232, left: 0, top: 48, width: 720}, appium:warnings: {}, appium:webStorageEnabled: false, platformName: ANDROID}
Session ID: 205a94af-d3b2-4a9b-9a29-11e5b092538b)
  &amp#27;[31mGiven &amp#27;[0m&amp#27;[31mestoy en la aplicaciÃ³n de SauceLabs&amp#27;[0m                        &amp#27;[90m# com.nttdata.stepsdefinitions.ProductoStepDefinition.estoyEnLaAplicacionDeSauceLabs()&amp#27;[0m
      &amp#27;[31mnet.serenitybdd.model.exceptions.SerenityManagedException: The following error occurred: An unknown server-side error occurred while processing the command. Original error: 'POST /element' cannot be proxied to UiAutomator2 server because the instrumentation process is not running (probably crashed). Check the server log and/or the logcat output for more details
Build info: version: '4.14.1', revision: '03f8ede370'
System info: os.name: 'Windows 11', os.arch: 'amd64', os.version: '10.0', java.version: '11.0.24'
Driver info: io.appium.java_client.android.AndroidDriver
Command: [205a94af-d3b2-4a9b-9a29-11e5b092538b, findElement {using=xpath, value=//android.widget.ImageView[@content-desc="App logo and name"]}]
Capabilities {appium:app: C:/Users/andre/Downloads/qa..., appium:appActivity: com.saucelabs.mydemoapp.and..., appium:appPackage: com.saucelabs.mydemoapp.and..., appium:automationName: UIAutomator2, appium:databaseEnabled: false, appium:desired: {app: C:/Users/andre/Downloads/qa..., appActivity: com.saucelabs.mydemoapp.and..., appPackage: com.saucelabs.mydemoapp.and..., automationName: UIAutomator2, deviceName: emulator-5554, hub: http://192.168.74.1:4723, platformName: ANDROID, platformVersion: 13.0}, appium:deviceApiLevel: 33, appium:deviceManufacturer: Google, appium:deviceModel: sdk_gphone64_x86_64, appium:deviceName: emulator-5554, appium:deviceScreenDensity: 320, appium:deviceScreenSize: 720x1280, appium:deviceUDID: emulator-5554, appium:hub: http://192.168.74.1:4723, appium:javascriptEnabled: true, appium:locationContextEnabled: false, appium:networkConnectionEnabled: true, appium:pixelRatio: 2, appium:platformVersion: 13, appium:statBarHeight: 48, appium:takesScreenshot: true, appium:viewportRect: {height: 1232, left: 0, top: 48, width: 720}, appium:warnings: {}, appium:webStorageEnabled: false, platformName: ANDROID}
Session ID: 205a94af-d3b2-4a9b-9a29-11e5b092538b
	at java.base/jdk.internal.reflect.NativeConstructorAccessorImpl.newInstance0(Native Method)
	at java.base/jdk.internal.reflect.NativeConstructorAccessorImpl.newInstance(NativeConstructorAccessorImpl.java:62)
	at java.base/jdk.internal.reflect.DelegatingConstructorAccessorImpl.newInstance(DelegatingConstructorAccessorImpl.java:45)
	at java.base/java.lang.reflect.Constructor.newInstance(Constructor.java:490)
	at org.openqa.selenium.remote.codec.w3c.W3CHttpResponseCodec.createException(W3CHttpResponseCodec.java:200)
	at org.openqa.selenium.remote.codec.w3c.W3CHttpResponseCodec.decode(W3CHttpResponseCodec.java:133)
	at org.openqa.selenium.remote.codec.w3c.W3CHttpResponseCodec.decode(W3CHttpResponseCodec.java:52)
	at org.openqa.selenium.remote.HttpCommandExecutor.execute(HttpCommandExecutor.java:191)
	at io.appium.java_client.remote.AppiumCommandExecutor.execute(AppiumCommandExecutor.java:238)
	at org.openqa.selenium.remote.RemoteWebDriver.execute(RemoteWebDriver.java:602)
	at org.openqa.selenium.remote.ElementLocation$ElementFinder$2.findElement(ElementLocation.java:165)
	at org.openqa.selenium.remote.ElementLocation.findElement(ElementLocation.java:59)
	at org.openqa.selenium.remote.RemoteWebDriver.findElement(RemoteWebDriver.java:359)
	at org.openqa.selenium.remote.RemoteWebDriver.findElement(RemoteWebDriver.java:353)
	at net.thucydides.core.webdriver.WebDriverFacade.findElement(WebDriverFacade.java:259)
	at net.thucydides.core.annotations.locators.SmartAjaxElementLocator.findElementImmediately(SmartAjaxElementLocator.java:137)
	at net.thucydides.core.annotations.locators.SmartAjaxElementLocator.findElement(SmartAjaxElementLocator.java:114)
	at org.openqa.selenium.support.pagefactory.internal.LocatingElementHandler.invoke(LocatingElementHandler.java:38)
	at com.sun.proxy.$Proxy44.toString(Unknown Source)
	at java.base/java.lang.String.valueOf(String.java:2951)
	at org.openqa.selenium.support.ui.ExpectedConditions$10.toString(ExpectedConditions.java:295)
	at java.base/java.lang.String.valueOf(String.java:2951)
	at org.openqa.selenium.support.ui.FluentWait.until(FluentWait.java:227)
	at net.serenitybdd.core.pages.RenderedPageObjectView.waitFor(RenderedPageObjectView.java:110)
	at net.serenitybdd.core.pages.PageObject.waitFor(PageObject.java:414)
	at com.nttdata.screens.ProductosScreen.isProductDisplayed(ProductosScreen.java:19)
	at com.nttdata.steps.ProductosStep.validarCargaApp(ProductosStep.java:17)
	at com.nttdata.steps.ProductosStep$ByteBuddy$H1koxgC5.validarCargaApp$accessor$NYY1onxh(Unknown Source)
	at java.base/jdk.internal.reflect.NativeMethodAccessorImpl.invoke0(Native Method)
	at java.base/jdk.internal.reflect.NativeMethodAccessorImpl.invoke(NativeMethodAccessorImpl.java:62)
	at java.base/jdk.internal.reflect.DelegatingMethodAccessorImpl.invoke(DelegatingMethodAccessorImpl.java:43)
	at java.base/java.lang.reflect.Method.invoke(Method.java:566)
	at net.thucydides.core.steps.BaseMethodRunner.invokeMethod(BaseMethodRunner.java:18)
	at net.thucydides.core.steps.NormalMethodRunner.invokeMethodAndNotifyFailures(NormalMethodRunner.java:18)
	at net.thucydides.core.steps.StepInterceptor.runNormalMethod(StepInterceptor.java:420)
	at net.thucydides.core.steps.StepInterceptor.testStepResult(StepInterceptor.java:195)
	at net.thucydides.core.steps.StepInterceptor.intercept(StepInterceptor.java:92)
	at net.thucydides.core.steps.ProxyConfiguration$InterceptorDispatcher.intercept(ProxyConfiguration.java:51)
	at com.nttdata.steps.ProductosStep$ByteBuddy$H1koxgC5.validarCargaApp(Unknown Source)
	at com.nttdata.stepsdefinitions.ProductoStepDefinition.estoyEnLaAplicacionDeSauceLabs(ProductoStepDefinition.java:17)
	at âœ½.estoy en la aplicaciÃ³n de SauceLabs(file:///C:/Users/andre/Downloads/qa-lab-mobile-automation-dec/qa-lab-mobile-automation-dec/src/test/resources/features/productos.feature:5)
&amp#27;[0m
  &amp#27;[36mAnd &amp#27;[0m&amp#27;[36mvalido que carguen correctamente los productos en la galeria&amp#27;[0m &amp#27;[90m# com.nttdata.stepsdefinitions.ProductoStepDefinition.validoQueCarguenCorrectamenteLosProductosEnLaGaleria()&amp#27;[0m
  &amp#27;[36mWhen &amp#27;[0m&amp#27;[36magrego &amp#27;[0m&amp#27;[36m&amp#27;[1m2&amp#27;[0m&amp#27;[36m del siguiente producto &amp#27;[0m&amp#27;[36m&amp#27;[1m"Sauce Labs Bike Light"&amp#27;[0m     &amp#27;[90m# com.nttdata.stepsdefinitions.ProductoStepDefinition.agregoDelSiguienteProducto(int,java.lang.String)&amp#27;[0m
]]></system-out>
    <system-err><![CDATA[dic. 20, 2024 10:03:42 P. M. org.openqa.selenium.remote.ErrorCodes toStatus
INFO: HTTP Status: '400' -> incorrect JSON status mapping for 'unknown error' (500 expected)
]]></system-err>
  </testcase>
</testsuite>