<?xml version="1.0" encoding="UTF-8"?>
<testsuite xmlns:xsi="http://www.w3.org/2001/XMLSchema-instance" xsi:noNamespaceSchemaLocation="https://maven.apache.org/surefire/maven-failsafe-plugin/xsd/failsafe-test-report-3.0.xsd" version="3.0" name="Validar funcionalidad del carrito de compras" time="1.594" tests="3" errors="3" skipped="0" failures="0">
  <properties>
[...]
</properties>
  <testcase name="Validar funcionalidad del carrito de compras #1" classname="Validar funcionalidad del carrito de compras" time="1.255">
    <error message="Cannot invoke &quot;org.openqa.selenium.WebElement.isDisplayed()&quot; because &quot;element&quot; is null" type="java.lang.NullPointerException"><![CDATA[java.lang.NullPointerException: Cannot invoke "org.openqa.selenium.WebElement.isDisplayed()" because "element" is null
	at org.openqa.selenium.support.ui.ExpectedConditions.elementIfVisible(ExpectedConditions.java:304)
	at org.openqa.selenium.support.ui.ExpectedConditions$10.apply(ExpectedConditions.java:290)
	at org.openqa.selenium.support.ui.ExpectedConditions$10.apply(ExpectedConditions.java:287)
	at org.openqa.selenium.support.ui.FluentWait.until(FluentWait.java:203)
	at net.serenitybdd.core.pages.RenderedPageObjectView.waitFor(RenderedPageObjectView.java:110)
	at net.serenitybdd.core.pages.PageObject.waitFor(PageObject.java:417)
	at com.nttdata.screens.ProductosScreen.isProductDisplayed(ProductosScreen.java:19)
	at com.nttdata.steps.ProductosStep.validarCargaApp(ProductosStep.java:17)
	at com.nttdata.steps.ProductosStep$ByteBuddy$f3dZBiII.validarCargaApp$accessor$VRlkMFUZ(Unknown Source)
	at java.base/jdk.internal.reflect.NativeMethodAccessorImpl.invoke0(Native Method)
	at java.base/jdk.internal.reflect.NativeMethodAccessorImpl.invoke(NativeMethodAccessorImpl.java:77)
	at java.base/jdk.internal.reflect.DelegatingMethodAccessorImpl.invoke(DelegatingMethodAccessorImpl.java:43)
	at java.base/java.lang.reflect.Method.invoke(Method.java:568)
	at net.thucydides.core.steps.BaseMethodRunner.invokeMethod(BaseMethodRunner.java:18)
	at net.thucydides.core.steps.NormalMethodRunner.invokeMethodAndNotifyFailures(NormalMethodRunner.java:18)
	at net.thucydides.core.steps.StepInterceptor.runNormalMethod(StepInterceptor.java:425)
	at net.thucydides.core.steps.StepInterceptor.testStepResult(StepInterceptor.java:200)
	at net.thucydides.core.steps.StepInterceptor.intercept(StepInterceptor.java:93)
	at net.thucydides.core.steps.ProxyConfiguration$InterceptorDispatcher.intercept(ProxyConfiguration.java:51)
	at com.nttdata.steps.ProductosStep$ByteBuddy$f3dZBiII.validarCargaApp(Unknown Source)
	at com.nttdata.stepsdefinitions.ProductoStepDefinition.estoyEnLaAplicacionDeSauceLabs(ProductoStepDefinition.java:18)
	at ✽.estoy en la aplicación de SauceLabs(file:///C:/Users/andre/Downloads/qa-lab-mobile-automation-dec/qa-lab-mobile-automation-dec/src/test/resources/features/productos.feature:5)
]]></error>
    <system-out><![CDATA[
@Caso
Scenario Outline: Validar funcionalidad del carrito de compras     &amp#27;[90m# src/test/resources/features/productos.feature:12&amp#27;[0m
08:44:11.684 [pool-3-thread-1] DEBUG io.cucumber.core.plugin.SerenityReporter - Running feature from file:///C:/Users/andre/Downloads/qa-lab-mobile-automation-dec/qa-lab-mobile-automation-dec/src/test/resources/features/productos.feature
08:44:11.964 [pool-3-thread-1] INFO  - 
  _____   ___   ___   _____     ___   _____     _     ___   _____   ___   ___  
 |_   _| | __| / __| |_   _|   / __| |_   _|   /_\   | _ \ |_   _| | __| |   \ 
   | |   | _|  \__ \   | |     \__ \   | |    / _ \  |   /   | |   | _|  | |) |
   |_|   |___| |___/   |_|     |___/   |_|   /_/ \_\ |_|_\   |_|   |___| |___/ 

Validar funcionalidad del carrito de compras(validar-funcionalidad-del-carrito-de-compras;validar-funcionalidad-del-carrito-de-compras)
--------------------------------------------------------------------------------
  &amp#27;[31mGiven &amp#27;[0m&amp#27;[31mestoy en la aplicaciÃ³n de SauceLabs&amp#27;[0m                        &amp#27;[90m# com.nttdata.stepsdefinitions.ProductoStepDefinition.estoyEnLaAplicacionDeSauceLabs()&amp#27;[0m
      &amp#27;[31mjava.lang.NullPointerException: Cannot invoke "org.openqa.selenium.WebElement.isDisplayed()" because "element" is null
	at org.openqa.selenium.support.ui.ExpectedConditions.elementIfVisible(ExpectedConditions.java:304)
	at org.openqa.selenium.support.ui.ExpectedConditions$10.apply(ExpectedConditions.java:290)
	at org.openqa.selenium.support.ui.ExpectedConditions$10.apply(ExpectedConditions.java:287)
	at org.openqa.selenium.support.ui.FluentWait.until(FluentWait.java:203)
	at net.serenitybdd.core.pages.RenderedPageObjectView.waitFor(RenderedPageObjectView.java:110)
	at net.serenitybdd.core.pages.PageObject.waitFor(PageObject.java:417)
	at com.nttdata.screens.ProductosScreen.isProductDisplayed(ProductosScreen.java:19)
	at com.nttdata.steps.ProductosStep.validarCargaApp(ProductosStep.java:17)
	at com.nttdata.steps.ProductosStep$ByteBuddy$f3dZBiII.validarCargaApp$accessor$VRlkMFUZ(Unknown Source)
	at java.base/jdk.internal.reflect.NativeMethodAccessorImpl.invoke0(Native Method)
	at java.base/jdk.internal.reflect.NativeMethodAccessorImpl.invoke(NativeMethodAccessorImpl.java:77)
	at java.base/jdk.internal.reflect.DelegatingMethodAccessorImpl.invoke(DelegatingMethodAccessorImpl.java:43)
	at java.base/java.lang.reflect.Method.invoke(Method.java:568)
	at net.thucydides.core.steps.BaseMethodRunner.invokeMethod(BaseMethodRunner.java:18)
	at net.thucydides.core.steps.NormalMethodRunner.invokeMethodAndNotifyFailures(NormalMethodRunner.java:18)
	at net.thucydides.core.steps.StepInterceptor.runNormalMethod(StepInterceptor.java:425)
	at net.thucydides.core.steps.StepInterceptor.testStepResult(StepInterceptor.java:200)
	at net.thucydides.core.steps.StepInterceptor.intercept(StepInterceptor.java:93)
	at net.thucydides.core.steps.ProxyConfiguration$InterceptorDispatcher.intercept(ProxyConfiguration.java:51)
	at com.nttdata.steps.ProductosStep$ByteBuddy$f3dZBiII.validarCargaApp(Unknown Source)
	at com.nttdata.stepsdefinitions.ProductoStepDefinition.estoyEnLaAplicacionDeSauceLabs(ProductoStepDefinition.java:18)
	at âœ½.estoy en la aplicaciÃ³n de SauceLabs(file:///C:/Users/andre/Downloads/qa-lab-mobile-automation-dec/qa-lab-mobile-automation-dec/src/test/resources/features/productos.feature:5)
&amp#27;[0m
  &amp#27;[36mAnd &amp#27;[0m&amp#27;[36mvalido que carguen correctamente los productos en la galeria&amp#27;[0m &amp#27;[90m# com.nttdata.stepsdefinitions.ProductoStepDefinition.validoQueCarguenCorrectamenteLosProductosEnLaGaleria()&amp#27;[0m
  &amp#27;[36mWhen &amp#27;[0m&amp#27;[36magrego &amp#27;[0m&amp#27;[36m&amp#27;[1m1&amp#27;[0m&amp#27;[36m del siguiente producto &amp#27;[0m&amp#27;[36m&amp#27;[1m"Sauce Labs Backpack"&amp#27;[0m       &amp#27;[90m# com.nttdata.stepsdefinitions.ProductoStepDefinition.agregoDelSiguienteProducto(int,java.lang.String)&amp#27;[0m
  &amp#27;[36mThen &amp#27;[0m&amp#27;[36mvalido el carrito de compra actualice correctamente&amp#27;[0m         &amp#27;[90m# com.nttdata.stepsdefinitions.ProductoStepDefinition.validoElCarritoDeCompraActualiceCorrectamente()&amp#27;[0m
]]></system-out>
  </testcase>
  <testcase name="Validar funcionalidad del carrito de compras #2" classname="Validar funcionalidad del carrito de compras" time="0.07">
    <error message="Cannot invoke &quot;org.openqa.selenium.WebElement.isDisplayed()&quot; because &quot;element&quot; is null" type="java.lang.NullPointerException"><![CDATA[java.lang.NullPointerException: Cannot invoke "org.openqa.selenium.WebElement.isDisplayed()" because "element" is null
	at org.openqa.selenium.support.ui.ExpectedConditions.elementIfVisible(ExpectedConditions.java:304)
	at org.openqa.selenium.support.ui.ExpectedConditions$10.apply(ExpectedConditions.java:290)
	at org.openqa.selenium.support.ui.ExpectedConditions$10.apply(ExpectedConditions.java:287)
	at org.openqa.selenium.support.ui.FluentWait.until(FluentWait.java:203)
	at net.serenitybdd.core.pages.RenderedPageObjectView.waitFor(RenderedPageObjectView.java:110)
	at net.serenitybdd.core.pages.PageObject.waitFor(PageObject.java:417)
	at com.nttdata.screens.ProductosScreen.isProductDisplayed(ProductosScreen.java:19)
	at com.nttdata.steps.ProductosStep.validarCargaApp(ProductosStep.java:17)
	at com.nttdata.steps.ProductosStep$ByteBuddy$f3dZBiII.validarCargaApp$accessor$VRlkMFUZ(Unknown Source)
	at java.base/jdk.internal.reflect.NativeMethodAccessorImpl.invoke0(Native Method)
	at java.base/jdk.internal.reflect.NativeMethodAccessorImpl.invoke(NativeMethodAccessorImpl.java:77)
	at java.base/jdk.internal.reflect.DelegatingMethodAccessorImpl.invoke(DelegatingMethodAccessorImpl.java:43)
	at java.base/java.lang.reflect.Method.invoke(Method.java:568)
	at net.thucydides.core.steps.BaseMethodRunner.invokeMethod(BaseMethodRunner.java:18)
	at net.thucydides.core.steps.NormalMethodRunner.invokeMethodAndNotifyFailures(NormalMethodRunner.java:18)
	at net.thucydides.core.steps.StepInterceptor.runNormalMethod(StepInterceptor.java:425)
	at net.thucydides.core.steps.StepInterceptor.testStepResult(StepInterceptor.java:200)
	at net.thucydides.core.steps.StepInterceptor.intercept(StepInterceptor.java:93)
	at net.thucydides.core.steps.ProxyConfiguration$InterceptorDispatcher.intercept(ProxyConfiguration.java:51)
	at com.nttdata.steps.ProductosStep$ByteBuddy$f3dZBiII.validarCargaApp(Unknown Source)
	at com.nttdata.stepsdefinitions.ProductoStepDefinition.estoyEnLaAplicacionDeSauceLabs(ProductoStepDefinition.java:18)
	at ✽.estoy en la aplicación de SauceLabs(file:///C:/Users/andre/Downloads/qa-lab-mobile-automation-dec/qa-lab-mobile-automation-dec/src/test/resources/features/productos.feature:5)
]]></error>
    <system-out><![CDATA[
@Caso
Scenario Outline: Validar funcionalidad del carrito de compras     &amp#27;[90m# src/test/resources/features/productos.feature:13&amp#27;[0m
08:44:13.000 [pool-3-thread-1] DEBUG io.cucumber.core.plugin.SerenityReporter - Running feature from file:///C:/Users/andre/Downloads/qa-lab-mobile-automation-dec/qa-lab-mobile-automation-dec/src/test/resources/features/productos.feature
  &amp#27;[31mGiven &amp#27;[0m&amp#27;[31mestoy en la aplicaciÃ³n de SauceLabs&amp#27;[0m                        &amp#27;[90m# com.nttdata.stepsdefinitions.ProductoStepDefinition.estoyEnLaAplicacionDeSauceLabs()&amp#27;[0m
      &amp#27;[31mjava.lang.NullPointerException: Cannot invoke "org.openqa.selenium.WebElement.isDisplayed()" because "element" is null
	at org.openqa.selenium.support.ui.ExpectedConditions.elementIfVisible(ExpectedConditions.java:304)
	at org.openqa.selenium.support.ui.ExpectedConditions$10.apply(ExpectedConditions.java:290)
	at org.openqa.selenium.support.ui.ExpectedConditions$10.apply(ExpectedConditions.java:287)
	at org.openqa.selenium.support.ui.FluentWait.until(FluentWait.java:203)
	at net.serenitybdd.core.pages.RenderedPageObjectView.waitFor(RenderedPageObjectView.java:110)
	at net.serenitybdd.core.pages.PageObject.waitFor(PageObject.java:417)
	at com.nttdata.screens.ProductosScreen.isProductDisplayed(ProductosScreen.java:19)
	at com.nttdata.steps.ProductosStep.validarCargaApp(ProductosStep.java:17)
	at com.nttdata.steps.ProductosStep$ByteBuddy$f3dZBiII.validarCargaApp$accessor$VRlkMFUZ(Unknown Source)
	at java.base/jdk.internal.reflect.NativeMethodAccessorImpl.invoke0(Native Method)
	at java.base/jdk.internal.reflect.NativeMethodAccessorImpl.invoke(NativeMethodAccessorImpl.java:77)
	at java.base/jdk.internal.reflect.DelegatingMethodAccessorImpl.invoke(DelegatingMethodAccessorImpl.java:43)
	at java.base/java.lang.reflect.Method.invoke(Method.java:568)
	at net.thucydides.core.steps.BaseMethodRunner.invokeMethod(BaseMethodRunner.java:18)
	at net.thucydides.core.steps.NormalMethodRunner.invokeMethodAndNotifyFailures(NormalMethodRunner.java:18)
	at net.thucydides.core.steps.StepInterceptor.runNormalMethod(StepInterceptor.java:425)
	at net.thucydides.core.steps.StepInterceptor.testStepResult(StepInterceptor.java:200)
	at net.thucydides.core.steps.StepInterceptor.intercept(StepInterceptor.java:93)
	at net.thucydides.core.steps.ProxyConfiguration$InterceptorDispatcher.intercept(ProxyConfiguration.java:51)
	at com.nttdata.steps.ProductosStep$ByteBuddy$f3dZBiII.validarCargaApp(Unknown Source)
	at com.nttdata.stepsdefinitions.ProductoStepDefinition.estoyEnLaAplicacionDeSauceLabs(ProductoStepDefinition.java:18)
	at âœ½.estoy en la aplicaciÃ³n de SauceLabs(file:///C:/Users/andre/Downloads/qa-lab-mobile-automation-dec/qa-lab-mobile-automation-dec/src/test/resources/features/productos.feature:5)
&amp#27;[0m
  &amp#27;[36mAnd &amp#27;[0m&amp#27;[36mvalido que carguen correctamente los productos en la galeria&amp#27;[0m &amp#27;[90m# com.nttdata.stepsdefinitions.ProductoStepDefinition.validoQueCarguenCorrectamenteLosProductosEnLaGaleria()&amp#27;[0m
  &amp#27;[36mWhen &amp#27;[0m&amp#27;[36magrego &amp#27;[0m&amp#27;[36m&amp#27;[1m1&amp#27;[0m&amp#27;[36m del siguiente producto &amp#27;[0m&amp#27;[36m&amp#27;[1m"Sauce Labs Bolt T-Shirt"&amp#27;[0m   &amp#27;[90m# com.nttdata.stepsdefinitions.ProductoStepDefinition.agregoDelSiguienteProducto(int,java.lang.String)&amp#27;[0m
  &amp#27;[36mThen &amp#27;[0m&amp#27;[36mvalido el carrito de compra actualice correctamente&amp#27;[0m         &amp#27;[90m# com.nttdata.stepsdefinitions.ProductoStepDefinition.validoElCarritoDeCompraActualiceCorrectamente()&amp#27;[0m
]]></system-out>
  </testcase>
  <testcase name="Validar funcionalidad del carrito de compras #3" classname="Validar funcionalidad del carrito de compras" time="0.073">
    <error message="Cannot invoke &quot;org.openqa.selenium.WebElement.isDisplayed()&quot; because &quot;element&quot; is null" type="java.lang.NullPointerException"><![CDATA[java.lang.NullPointerException: Cannot invoke "org.openqa.selenium.WebElement.isDisplayed()" because "element" is null
	at org.openqa.selenium.support.ui.ExpectedConditions.elementIfVisible(ExpectedConditions.java:304)
	at org.openqa.selenium.support.ui.ExpectedConditions$10.apply(ExpectedConditions.java:290)
	at org.openqa.selenium.support.ui.ExpectedConditions$10.apply(ExpectedConditions.java:287)
	at org.openqa.selenium.support.ui.FluentWait.until(FluentWait.java:203)
	at net.serenitybdd.core.pages.RenderedPageObjectView.waitFor(RenderedPageObjectView.java:110)
	at net.serenitybdd.core.pages.PageObject.waitFor(PageObject.java:417)
	at com.nttdata.screens.ProductosScreen.isProductDisplayed(ProductosScreen.java:19)
	at com.nttdata.steps.ProductosStep.validarCargaApp(ProductosStep.java:17)
	at com.nttdata.steps.ProductosStep$ByteBuddy$f3dZBiII.validarCargaApp$accessor$VRlkMFUZ(Unknown Source)
	at java.base/jdk.internal.reflect.NativeMethodAccessorImpl.invoke0(Native Method)
	at java.base/jdk.internal.reflect.NativeMethodAccessorImpl.invoke(NativeMethodAccessorImpl.java:77)
	at java.base/jdk.internal.reflect.DelegatingMethodAccessorImpl.invoke(DelegatingMethodAccessorImpl.java:43)
	at java.base/java.lang.reflect.Method.invoke(Method.java:568)
	at net.thucydides.core.steps.BaseMethodRunner.invokeMethod(BaseMethodRunner.java:18)
	at net.thucydides.core.steps.NormalMethodRunner.invokeMethodAndNotifyFailures(NormalMethodRunner.java:18)
	at net.thucydides.core.steps.StepInterceptor.runNormalMethod(StepInterceptor.java:425)
	at net.thucydides.core.steps.StepInterceptor.testStepResult(StepInterceptor.java:200)
	at net.thucydides.core.steps.StepInterceptor.intercept(StepInterceptor.java:93)
	at net.thucydides.core.steps.ProxyConfiguration$InterceptorDispatcher.intercept(ProxyConfiguration.java:51)
	at com.nttdata.steps.ProductosStep$ByteBuddy$f3dZBiII.validarCargaApp(Unknown Source)
	at com.nttdata.stepsdefinitions.ProductoStepDefinition.estoyEnLaAplicacionDeSauceLabs(ProductoStepDefinition.java:18)
	at ✽.estoy en la aplicación de SauceLabs(file:///C:/Users/andre/Downloads/qa-lab-mobile-automation-dec/qa-lab-mobile-automation-dec/src/test/resources/features/productos.feature:5)
]]></error>
    <system-out><![CDATA[
@Caso
Scenario Outline: Validar funcionalidad del carrito de compras     &amp#27;[90m# src/test/resources/features/productos.feature:14&amp#27;[0m
08:44:13.080 [pool-3-thread-1] DEBUG io.cucumber.core.plugin.SerenityReporter - Running feature from file:///C:/Users/andre/Downloads/qa-lab-mobile-automation-dec/qa-lab-mobile-automation-dec/src/test/resources/features/productos.feature
  &amp#27;[31mGiven &amp#27;[0m&amp#27;[31mestoy en la aplicaciÃ³n de SauceLabs&amp#27;[0m                        &amp#27;[90m# com.nttdata.stepsdefinitions.ProductoStepDefinition.estoyEnLaAplicacionDeSauceLabs()&amp#27;[0m
      &amp#27;[31mjava.lang.NullPointerException: Cannot invoke "org.openqa.selenium.WebElement.isDisplayed()" because "element" is null
	at org.openqa.selenium.support.ui.ExpectedConditions.elementIfVisible(ExpectedConditions.java:304)
	at org.openqa.selenium.support.ui.ExpectedConditions$10.apply(ExpectedConditions.java:290)
	at org.openqa.selenium.support.ui.ExpectedConditions$10.apply(ExpectedConditions.java:287)
	at org.openqa.selenium.support.ui.FluentWait.until(FluentWait.java:203)
	at net.serenitybdd.core.pages.RenderedPageObjectView.waitFor(RenderedPageObjectView.java:110)
	at net.serenitybdd.core.pages.PageObject.waitFor(PageObject.java:417)
	at com.nttdata.screens.ProductosScreen.isProductDisplayed(ProductosScreen.java:19)
	at com.nttdata.steps.ProductosStep.validarCargaApp(ProductosStep.java:17)
	at com.nttdata.steps.ProductosStep$ByteBuddy$f3dZBiII.validarCargaApp$accessor$VRlkMFUZ(Unknown Source)
	at java.base/jdk.internal.reflect.NativeMethodAccessorImpl.invoke0(Native Method)
	at java.base/jdk.internal.reflect.NativeMethodAccessorImpl.invoke(NativeMethodAccessorImpl.java:77)
	at java.base/jdk.internal.reflect.DelegatingMethodAccessorImpl.invoke(DelegatingMethodAccessorImpl.java:43)
	at java.base/java.lang.reflect.Method.invoke(Method.java:568)
	at net.thucydides.core.steps.BaseMethodRunner.invokeMethod(BaseMethodRunner.java:18)
	at net.thucydides.core.steps.NormalMethodRunner.invokeMethodAndNotifyFailures(NormalMethodRunner.java:18)
	at net.thucydides.core.steps.StepInterceptor.runNormalMethod(StepInterceptor.java:425)
	at net.thucydides.core.steps.StepInterceptor.testStepResult(StepInterceptor.java:200)
	at net.thucydides.core.steps.StepInterceptor.intercept(StepInterceptor.java:93)
	at net.thucydides.core.steps.ProxyConfiguration$InterceptorDispatcher.intercept(ProxyConfiguration.java:51)
	at com.nttdata.steps.ProductosStep$ByteBuddy$f3dZBiII.validarCargaApp(Unknown Source)
	at com.nttdata.stepsdefinitions.ProductoStepDefinition.estoyEnLaAplicacionDeSauceLabs(ProductoStepDefinition.java:18)
	at âœ½.estoy en la aplicaciÃ³n de SauceLabs(file:///C:/Users/andre/Downloads/qa-lab-mobile-automation-dec/qa-lab-mobile-automation-dec/src/test/resources/features/productos.feature:5)
&amp#27;[0m
  &amp#27;[36mAnd &amp#27;[0m&amp#27;[36mvalido que carguen correctamente los productos en la galeria&amp#27;[0m &amp#27;[90m# com.nttdata.stepsdefinitions.ProductoStepDefinition.validoQueCarguenCorrectamenteLosProductosEnLaGaleria()&amp#27;[0m
  &amp#27;[36mWhen &amp#27;[0m&amp#27;[36magrego &amp#27;[0m&amp#27;[36m&amp#27;[1m2&amp#27;[0m&amp#27;[36m del siguiente producto &amp#27;[0m&amp#27;[36m&amp#27;[1m"Sauce Labs Bike Light"&amp#27;[0m     &amp#27;[90m# com.nttdata.stepsdefinitions.ProductoStepDefinition.agregoDelSiguienteProducto(int,java.lang.String)&amp#27;[0m
  &amp#27;[36mThen &amp#27;[0m&amp#27;[36mvalido el carrito de compra actualice correctamente&amp#27;[0m         &amp#27;[90m# com.nttdata.stepsdefinitions.ProductoStepDefinition.validoElCarritoDeCompraActualiceCorrectamente()&amp#27;[0m
]]></system-out>
  </testcase>
</testsuite>