<?xml version="1.0" encoding="UTF-8" standalone="no"?><testsuite errors="2" failures="1" name="Validar funcionalidad del carrito de compras" skipped="0" tests="3" time="11.56" timestamp="2024-12-20 10:03:55"><testcase name="Validar funcionalidad del carrito de compras"><error message="No se pudo hacer clic en el botón 'Agregar al carrito'." type="java.lang.RuntimeException">No se pudo hacer clic en el botón 'Agregar al carrito'.</error><system-err>No se pudo hacer clic en el botón 'Agregar al carrito'.&#13;
com.nttdata.screens.ProductoDetalleScreen.agregarAlCarrito(ProductoDetalleScreen.java:84)&#13;
com.nttdata.steps.ProductosStep.agregarUnidadesAlCarrito(ProductosStep.java:33)&#13;
net.thucydides.core.steps.BaseMethodRunner.invokeMethod(BaseMethodRunner.java:18)&#13;
net.thucydides.core.steps.NormalMethodRunner.invokeMethodAndNotifyFailures(NormalMethodRunner.java:18)&#13;
net.thucydides.core.steps.StepInterceptor.runNormalMethod(StepInterceptor.java:420)&#13;
net.thucydides.core.steps.StepInterceptor.testStepResult(StepInterceptor.java:195)&#13;
net.thucydides.core.steps.StepInterceptor.intercept(StepInterceptor.java:92)&#13;
com.nttdata.stepsdefinitions.ProductoStepDefinition.agregoDelSiguienteProducto(ProductoStepDefinition.java:29)&#13;
io.cucumber.java.Invoker.doInvoke(Invoker.java:66)&#13;
io.cucumber.java.Invoker.invoke(Invoker.java:24)&#13;
io.cucumber.java.AbstractGlueDefinition.invokeMethod(AbstractGlueDefinition.java:47)&#13;
io.cucumber.java.JavaStepDefinition.execute(JavaStepDefinition.java:29)&#13;
io.cucumber.core.runner.CoreStepDefinition.execute(CoreStepDefinition.java:66)&#13;
io.cucumber.core.runner.PickleStepDefinitionMatch.runStep(PickleStepDefinitionMatch.java:63)&#13;
io.cucumber.core.runner.TestStep.executeStep(TestStep.java:84)&#13;
io.cucumber.core.runner.TestStep.run(TestStep.java:56)&#13;
io.cucumber.core.runner.PickleStepTestStep.run(PickleStepTestStep.java:51)&#13;
io.cucumber.core.runner.TestCase.run(TestCase.java:84)&#13;
io.cucumber.core.runner.Runner.runPickle(Runner.java:75)&#13;
io.cucumber.core.runtime.CucumberExecutionContext.lambda$runTestCase$5(CucumberExecutionContext.java:137)&#13;
io.cucumber.core.runtime.RethrowingThrowableCollector.executeAndThrow(RethrowingThrowableCollector.java:23)&#13;
io.cucumber.core.runtime.CucumberExecutionContext.runTestCase(CucumberExecutionContext.java:137)&#13;
io.cucumber.junit.FeatureRunner.runChild(FeatureRunner.java:144)&#13;
io.cucumber.junit.FeatureRunner.runChild(FeatureRunner.java:28)&#13;
io.cucumber.junit.FeatureRunner.run(FeatureRunner.java:137)&#13;
io.cucumber.junit.CucumberSerenityBaseRunner.runChild(CucumberSerenityBaseRunner.java:332)&#13;
io.cucumber.junit.CucumberSerenityBaseRunner.runChild(CucumberSerenityBaseRunner.java:53)&#13;
</system-err></testcase></testsuite>