<?xml version="1.0" encoding="UTF-8" standalone="no"?><testsuite errors="3" failures="0" name="Validar funcionalidad del carrito de compras" skipped="0" tests="3" time="0.66" timestamp="2024-12-25 08:45:27"><testcase name="Validar funcionalidad del carrito de compras"><error message="Cannot invoke &quot;org.openqa.selenium.WebElement.isDisplayed()&quot; because &quot;element&quot; is null" type="java.lang.NullPointerException">Cannot invoke "org.openqa.selenium.WebElement.isDisplayed()" because "element" is null</error><system-err>Cannot invoke "org.openqa.selenium.WebElement.isDisplayed()" because "element" is null&#13;
com.nttdata.screens.ProductosScreen.isProductDisplayed(ProductosScreen.java:19)&#13;
com.nttdata.steps.ProductosStep.validarCargaApp(ProductosStep.java:17)&#13;
com.nttdata.stepsdefinitions.ProductoStepDefinition.estoyEnLaAplicacionDeSauceLabs(ProductoStepDefinition.java:18)&#13;
</system-err></testcase></testsuite>